  ISCommunicationsExample.c
c:\users\kalle\documents\kthkurser\exjobb\implementation\inertial_sensesdk1-7.5\inertialsensesdk-1.7.5\exampleprojects\communications\vs_project\writetofileraw.h(50): warning C4133: 'function': incompatible types - from 'FILE *' to 'const char *const '
c:\users\kalle\documents\kthkurser\exjobb\implementation\inertial_sensesdk1-7.5\inertialsensesdk-1.7.5\exampleprojects\communications\vs_project\writetofileraw.h(53): warning C4133: 'function': incompatible types - from 'FILE *' to 'const char *const '
c:\users\kalle\documents\kthkurser\exjobb\implementation\inertial_sensesdk1-7.5\inertialsensesdk-1.7.5\exampleprojects\communications\vs_project\writetofileraw.h(56): warning C4133: 'function': incompatible types - from 'FILE *' to 'const char *const '
c:\users\kalle\documents\kthkurser\exjobb\implementation\inertial_sensesdk1-7.5\inertialsensesdk-1.7.5\exampleprojects\communications\vs_project\writetofileraw.h(59): warning C4133: 'function': incompatible types - from 'FILE *' to 'const char *const '
c:\users\kalle\documents\kthkurser\exjobb\implementation\inertial_sensesdk1-7.5\inertialsensesdk-1.7.5\exampleprojects\communications\vs_project\writetofileraw.h(91): warning C4010: single-line comment contains line-continuation character
c:\users\kalle\documents\kthkurser\exjobb\implementation\inertial_sensesdk1-7.5\inertialsensesdk-1.7.5\exampleprojects\communications\vs_project\writetofileraw.h(92): warning C4010: single-line comment contains line-continuation character
c:\users\kalle\documents\kthkurser\exjobb\implementation\inertial_sensesdk1-7.5\inertialsensesdk-1.7.5\exampleprojects\communications\vs_project\writetofileraw.h(93): warning C4010: single-line comment contains line-continuation character
c:\users\kalle\documents\kthkurser\exjobb\implementation\inertial_sensesdk1-7.5\inertialsensesdk-1.7.5\exampleprojects\communications\vs_project\writetofileraw.h(109): warning C4477: 'fprintf' : format string '%d' requires an argument of type 'int', but variadic argument 3 has type 'int64_t'
  c:\users\kalle\documents\kthkurser\exjobb\implementation\inertial_sensesdk1-7.5\inertialsensesdk-1.7.5\exampleprojects\communications\vs_project\writetofileraw.h(109): note: consider using '%lld' in the format string
  c:\users\kalle\documents\kthkurser\exjobb\implementation\inertial_sensesdk1-7.5\inertialsensesdk-1.7.5\exampleprojects\communications\vs_project\writetofileraw.h(109): note: consider using '%Id' in the format string
  c:\users\kalle\documents\kthkurser\exjobb\implementation\inertial_sensesdk1-7.5\inertialsensesdk-1.7.5\exampleprojects\communications\vs_project\writetofileraw.h(109): note: consider using '%I64d' in the format string
c:\users\kalle\documents\kthkurser\exjobb\implementation\inertial_sensesdk1-7.5\inertialsensesdk-1.7.5\exampleprojects\communications\vs_project\writetofileraw.h(110): warning C4477: 'fprintf' : format string '%d' requires an argument of type 'int', but variadic argument 2 has type 'int64_t'
  c:\users\kalle\documents\kthkurser\exjobb\implementation\inertial_sensesdk1-7.5\inertialsensesdk-1.7.5\exampleprojects\communications\vs_project\writetofileraw.h(110): note: consider using '%lld' in the format string
  c:\users\kalle\documents\kthkurser\exjobb\implementation\inertial_sensesdk1-7.5\inertialsensesdk-1.7.5\exampleprojects\communications\vs_project\writetofileraw.h(110): note: consider using '%Id' in the format string
  c:\users\kalle\documents\kthkurser\exjobb\implementation\inertial_sensesdk1-7.5\inertialsensesdk-1.7.5\exampleprojects\communications\vs_project\writetofileraw.h(110): note: consider using '%I64d' in the format string
c:\users\kalle\documents\kthkurser\exjobb\implementation\inertial_sensesdk1-7.5\inertialsensesdk-1.7.5\exampleprojects\communications\vs_project\writetofileraw.h(111): warning C4477: 'fprintf' : format string '%d' requires an argument of type 'int', but variadic argument 1 has type 'int64_t'
  c:\users\kalle\documents\kthkurser\exjobb\implementation\inertial_sensesdk1-7.5\inertialsensesdk-1.7.5\exampleprojects\communications\vs_project\writetofileraw.h(111): note: consider using '%lld' in the format string
  c:\users\kalle\documents\kthkurser\exjobb\implementation\inertial_sensesdk1-7.5\inertialsensesdk-1.7.5\exampleprojects\communications\vs_project\writetofileraw.h(111): note: consider using '%Id' in the format string
  c:\users\kalle\documents\kthkurser\exjobb\implementation\inertial_sensesdk1-7.5\inertialsensesdk-1.7.5\exampleprojects\communications\vs_project\writetofileraw.h(111): note: consider using '%I64d' in the format string
c:\users\kalle\documents\kthkurser\exjobb\implementation\inertial_sensesdk1-7.5\inertialsensesdk-1.7.5\exampleprojects\communications\vs_project\writetofileraw.h(128): warning C4133: 'function': incompatible types - from 'FILE *' to 'const char *const '
c:\users\kalle\documents\kthkurser\exjobb\implementation\inertial_sensesdk1-7.5\inertialsensesdk-1.7.5\exampleprojects\communications\vs_project\writetofileraw.h(131): warning C4133: 'function': incompatible types - from 'FILE *' to 'const char *const '
c:\users\kalle\documents\kthkurser\exjobb\implementation\inertial_sensesdk1-7.5\inertialsensesdk-1.7.5\exampleprojects\communications\vs_project\writetofileraw.h(134): warning C4133: 'function': incompatible types - from 'FILE *' to 'const char *const '
c:\users\kalle\documents\kthkurser\exjobb\implementation\inertial_sensesdk1-7.5\inertialsensesdk-1.7.5\exampleprojects\communications\vs_project\writetofileraw.h(137): warning C4133: 'function': incompatible types - from 'FILE *' to 'const char *const '
c:\users\kalle\documents\kthkurser\exjobb\implementation\inertial_sensesdk1-7.5\inertialsensesdk-1.7.5\exampleprojects\communications\iscommunicationsexample.c(141): warning C4047: 'function': 'char *const ' differs in levels of indirection from 'char *[10]'
c:\users\kalle\documents\kthkurser\exjobb\implementation\inertial_sensesdk1-7.5\inertialsensesdk-1.7.5\exampleprojects\communications\iscommunicationsexample.c(141): warning C4024: 'sprintf': different types for formal and actual parameter 1
c:\users\kalle\documents\kthkurser\exjobb\implementation\inertial_sensesdk1-7.5\inertialsensesdk-1.7.5\exampleprojects\communications\iscommunicationsexample.c(145): warning C4047: 'function': 'const char *' differs in levels of indirection from 'char *[10]'
c:\users\kalle\documents\kthkurser\exjobb\implementation\inertial_sensesdk1-7.5\inertialsensesdk-1.7.5\exampleprojects\communications\iscommunicationsexample.c(145): warning C4024: 'strcat': different types for formal and actual parameter 2
c:\users\kalle\documents\kthkurser\exjobb\implementation\inertial_sensesdk1-7.5\inertialsensesdk-1.7.5\exampleprojects\communications\iscommunicationsexample.c(295): warning C4047: 'function': 'const unsigned char *' differs in levels of indirection from 'uint8_t **'
c:\users\kalle\documents\kthkurser\exjobb\implementation\inertial_sensesdk1-7.5\inertialsensesdk-1.7.5\exampleprojects\communications\iscommunicationsexample.c(295): warning C4024: 'serialPortWrite': different types for formal and actual parameter 2
  ISCommunicationsExample.vcxproj -> C:\Users\kalle\Documents\KTHKurser\Exjobb\Implementation\Inertial_SenseSDK1-7.5\InertialSenseSDK-1.7.5\ExampleProjects\Communications\VS_Project\x64\Debug\ISCommunicationsExample.exe
